<?xml version="1.0" encoding="UTF-8"?>
<testsuite name="com.example.calendario.CalendarioApplicationTests" tests="1" skipped="0" failures="0" errors="0" timestamp="2023-05-03T22:59:57" hostname="DESKTOP-AHRL1NB" time="0.462">
  <properties/>
  <testcase name="contextLoads()" classname="com.example.calendario.CalendarioApplicationTests" time="0.462"/>
  <system-out><![CDATA[19:59:52.448 [Test worker] DEBUG org.springframework.boot.test.context.SpringBootTestContextBootstrapper -- Neither @ContextConfiguration nor @ContextHierarchy found for test class [CalendarioApplicationTests]: using SpringBootContextLoader
19:59:52.455 [Test worker] DEBUG org.springframework.test.context.support.AbstractContextLoader -- Could not detect default resource locations for test class [com.example.calendario.CalendarioApplicationTests]: no resource found for suffixes {-context.xml, Context.groovy}.
19:59:52.458 [Test worker] INFO org.springframework.test.context.support.AnnotationConfigContextLoaderUtils -- Could not detect default configuration classes for test class [com.example.calendario.CalendarioApplicationTests]: CalendarioApplicationTests does not declare any static, non-private, non-final, nested classes annotated with @Configuration.
19:59:52.496 [Test worker] DEBUG org.springframework.boot.test.context.SpringBootTestContextBootstrapper -- Using ContextCustomizers for test class [CalendarioApplicationTests]: [DisableObservabilityContextCustomizer, PropertyMappingContextCustomizer, Customizer, ExcludeFilterContextCustomizer, DuplicateJsonObjectContextCustomizer, MockitoContextCustomizer, TestRestTemplateContextCustomizer]
19:59:52.590 [Test worker] DEBUG org.springframework.context.annotation.ClassPathScanningCandidateComponentProvider -- Identified candidate component class: file [C:\Users\Meu Computador\Desktop\uni9\calendario\calendario\build\classes\java\main\com\example\calendario\CalendarioApplication.class]
19:59:52.593 [Test worker] INFO org.springframework.boot.test.context.SpringBootTestContextBootstrapper -- Found @SpringBootConfiguration com.example.calendario.CalendarioApplication for test class com.example.calendario.CalendarioApplicationTests
19:59:52.764 [Test worker] DEBUG org.springframework.boot.test.context.SpringBootTestContextBootstrapper -- Using TestExecutionListeners for test class [CalendarioApplicationTests]: [ServletTestExecutionListener, DirtiesContextBeforeModesTestExecutionListener, ApplicationEventsTestExecutionListener, MockitoTestExecutionListener, DependencyInjectionTestExecutionListener, DirtiesContextTestExecutionListener, TransactionalTestExecutionListener, SqlScriptsTestExecutionListener, EventPublishingTestExecutionListener, RestDocsTestExecutionListener, MockRestServiceServerResetTestExecutionListener, MockMvcPrintOnlyOnFailureTestExecutionListener, WebDriverTestExecutionListener, MockWebServiceServerTestExecutionListener, ResetMocksTestExecutionListener]
19:59:52.766 [Test worker] DEBUG org.springframework.test.context.support.AbstractDirtiesContextTestExecutionListener -- Before test class: class [CalendarioApplicationTests], class annotated with @DirtiesContext [false] with mode [null]

  .   ____          _            __ _ _
 /\\ / ___'_ __ _ _(_)_ __  __ _ \ \ \ \
( ( )\___ | '_ | '_| | '_ \/ _` | \ \ \ \
 \\/  ___)| |_)| | | | | || (_| |  ) ) ) )
  '  |____| .__|_| |_|_| |_\__, | / / / /
 =========|_|==============|___/=/_/_/_/
 :: Spring Boot ::       (v3.0.7-SNAPSHOT)

2023-05-03T19:59:53.346-03:00  INFO 7148 --- [    Test worker] c.e.c.CalendarioApplicationTests         : Starting CalendarioApplicationTests using Java 17.0.6 with PID 7148 (started by Meu Computador in C:\Users\Meu Computador\Desktop\uni9\calendario\calendario)
2023-05-03T19:59:53.348-03:00  INFO 7148 --- [    Test worker] c.e.c.CalendarioApplicationTests         : No active profile set, falling back to 1 default profile: "default"
2023-05-03T19:59:54.323-03:00  INFO 7148 --- [    Test worker] .s.d.r.c.RepositoryConfigurationDelegate : Bootstrapping Spring Data JPA repositories in DEFAULT mode.
2023-05-03T19:59:54.354-03:00  INFO 7148 --- [    Test worker] .s.d.r.c.RepositoryConfigurationDelegate : Finished Spring Data repository scanning in 18 ms. Found 0 JPA repository interfaces.
2023-05-03T19:59:54.922-03:00  INFO 7148 --- [    Test worker] com.zaxxer.hikari.HikariDataSource       : HikariPool-1 - Starting...
2023-05-03T19:59:55.229-03:00  INFO 7148 --- [    Test worker] com.zaxxer.hikari.pool.HikariPool        : HikariPool-1 - Added connection conn0: url=jdbc:h2:mem:testdb user=SA
2023-05-03T19:59:55.232-03:00  INFO 7148 --- [    Test worker] com.zaxxer.hikari.HikariDataSource       : HikariPool-1 - Start completed.
2023-05-03T19:59:55.305-03:00  INFO 7148 --- [    Test worker] o.hibernate.jpa.internal.util.LogHelper  : HHH000204: Processing PersistenceUnitInfo [name: default]
2023-05-03T19:59:55.398-03:00  INFO 7148 --- [    Test worker] org.hibernate.Version                    : HHH000412: Hibernate ORM core version 6.1.7.Final
2023-05-03T19:59:55.969-03:00  INFO 7148 --- [    Test worker] SQL dialect                              : HHH000400: Using dialect: org.hibernate.dialect.H2Dialect
2023-05-03T19:59:56.414-03:00  INFO 7148 --- [    Test worker] o.h.e.t.j.p.i.JtaPlatformInitiator       : HHH000490: Using JtaPlatform implementation: [org.hibernate.engine.transaction.jta.platform.internal.NoJtaPlatform]
2023-05-03T19:59:56.434-03:00  INFO 7148 --- [    Test worker] j.LocalContainerEntityManagerFactoryBean : Initialized JPA EntityManagerFactory for persistence unit 'default'
2023-05-03T19:59:56.659-03:00  WARN 7148 --- [    Test worker] JpaBaseConfiguration$JpaWebConfiguration : spring.jpa.open-in-view is enabled by default. Therefore, database queries may be performed during view rendering. Explicitly configure spring.jpa.open-in-view to disable this warning
2023-05-03T19:59:57.255-03:00  INFO 7148 --- [    Test worker] o.s.b.a.h2.H2ConsoleAutoConfiguration    : H2 console available at '/h2-console'. Database available at 'jdbc:h2:mem:testdb'
2023-05-03T19:59:57.443-03:00  INFO 7148 --- [    Test worker] c.e.c.CalendarioApplicationTests         : Started CalendarioApplicationTests in 4.51 seconds (process running for 6.261)
]]></system-out>
  <system-err><![CDATA[]]></system-err>
</testsuite>
